-------------------------------------------------------------------------------
Test set: org.apache.commons.csv.issues.JiraCsv253Test
-------------------------------------------------------------------------------
Tests run: 1, Failures: 0, Errors: 1, Skipped: 0, Time elapsed: 0.001 s <<< FAILURE! -- in org.apache.commons.csv.issues.JiraCsv253Test
org.apache.commons.csv.issues.JiraCsv253Test.testHandleAbsentValues -- Time elapsed: 0 s <<< ERROR!
java.lang.NullPointerException
	at org.apache.commons.csv.issues.JiraCsv253Test.assertArrayEqual(JiraCsv253Test.java:38)
	at org.apache.commons.csv.issues.JiraCsv253Test.testHandleAbsentValues(JiraCsv253Test.java:48)
	at java.base/java.lang.reflect.Method.invoke(Method.java:566)
	at java.base/java.util.ArrayList.forEach(ArrayList.java:1541)
	at java.base/java.util.ArrayList.forEach(ArrayList.java:1541)

