-------------------------------------------------------------------------------
Test set: org.apache.commons.csv.issues.JiraCsv265Test
-------------------------------------------------------------------------------
Tests run: 2, Failures: 0, Errors: 2, Skipped: 0, Time elapsed: 0.001 s <<< FAILURE! -- in org.apache.commons.csv.issues.JiraCsv265Test
org.apache.commons.csv.issues.JiraCsv265Test.testCharacterPositionWithCommentsSpanningMultipleLines -- Time elapsed: 0.001 s <<< ERROR!
java.lang.NullPointerException
	at org.apache.commons.csv.issues.JiraCsv265Test.testCharacterPositionWithCommentsSpanningMultipleLines(JiraCsv265Test.java:82)
	at java.base/java.lang.reflect.Method.invoke(Method.java:566)
	at java.base/java.util.ArrayList.forEach(ArrayList.java:1541)
	at java.base/java.util.ArrayList.forEach(ArrayList.java:1541)

org.apache.commons.csv.issues.JiraCsv265Test.testCharacterPositionWithComments -- Time elapsed: 0 s <<< ERROR!
java.lang.NullPointerException
	at org.apache.commons.csv.issues.JiraCsv265Test.testCharacterPositionWithComments(JiraCsv265Test.java:55)
	at java.base/java.lang.reflect.Method.invoke(Method.java:566)
	at java.base/java.util.ArrayList.forEach(ArrayList.java:1541)
	at java.base/java.util.ArrayList.forEach(ArrayList.java:1541)

